<?xml version="1.0" encoding="UTF-8"?>
<!-- Generated by org.testng.reporters.JUnitXMLReporter -->
<testsuite hostname="LAPTOP-S1LVCJIH" ignored="8" name="QA" tests="3" failures="0" timestamp="11 Jun 2019 02:04:17 GMT" time="0.032" errors="0">
  <testcase name="Tc_01_UserRegistration" time="0.001" classname="com.TestCases.Tc_01_UserRegistration"/>
  <testcase name="Tc_02_PlaceOrder" time="0.009" classname="com.TestCases.Tc_02_PlaceOrder"/>
  <testcase name="Tc_03_ReviewTestCase" time="0.001" classname="com.TestCases.Tc_03_ReviewTestCase"/>
  <testcase name="@BeforeSuite beforeSuite" time="0.0" classname="com.TestNGAnnotations.Annotations">
    <ignored/>
  </testcase> <!-- @BeforeSuite beforeSuite -->
  <testcase name="@BeforeSuite beforeSuite" time="0.0" classname="com.TestNGAnnotations.Annotations">
    <ignored/>
  </testcase> <!-- @BeforeSuite beforeSuite -->
  <testcase name="@AfterSuite afterSuite" time="0.0" classname="com.TestNGAnnotations.Annotations">
    <ignored/>
  </testcase> <!-- @AfterSuite afterSuite -->
  <testcase name="@AfterSuite afterSuite" time="0.0" classname="com.TestNGAnnotations.Annotations">
    <ignored/>
  </testcase> <!-- @AfterSuite afterSuite -->
  <testcase name="@BeforeTest beforeTest" time="0.0" classname="com.TestNGAnnotations.Annotations">
    <ignored/>
  </testcase> <!-- @BeforeTest beforeTest -->
  <testcase name="@BeforeTest beforeTest" time="0.0" classname="com.TestNGAnnotations.Annotations">
    <ignored/>
  </testcase> <!-- @BeforeTest beforeTest -->
  <testcase name="@AfterTest afterTest" time="0.0" classname="com.TestNGAnnotations.Annotations">
    <ignored/>
  </testcase> <!-- @AfterTest afterTest -->
  <testcase name="@AfterTest afterTest" time="0.0" classname="com.TestNGAnnotations.Annotations">
    <ignored/>
  </testcase> <!-- @AfterTest afterTest -->
</testsuite> <!-- QA -->
