<?xml version="1.0" encoding="UTF-8"?>
<testng-results skipped="0" failed="0" ignored="0" total="1" passed="1">
  <reporter-output>
  </reporter-output>
  <suite name="Default suite" duration-ms="39601" started-at="2019-06-18T02:11:23Z" finished-at="2019-06-18T02:12:03Z">
    <groups>
    </groups>
    <test name="Default test" duration-ms="39601" started-at="2019-06-18T02:11:23Z" finished-at="2019-06-18T02:12:03Z">
      <class name="com.TestCases.Tc_01_ValidateSigin">
        <test-method status="PASS" signature="beforeSuite()[pri:0, instance:com.TestCases.Tc_01_ValidateSigin@685cb137]" name="beforeSuite" is-config="true" duration-ms="794" started-at="2019-06-18T07:41:22Z" finished-at="2019-06-18T07:41:23Z">
          <reporter-output>
          </reporter-output>
        </test-method> <!-- beforeSuite -->
        <test-method status="PASS" signature="beforeTest()[pri:0, instance:com.TestCases.Tc_01_ValidateSigin@685cb137]" name="beforeTest" is-config="true" duration-ms="1" started-at="2019-06-18T07:41:23Z" finished-at="2019-06-18T07:41:23Z">
          <reporter-output>
          </reporter-output>
        </test-method> <!-- beforeTest -->
        <test-method status="PASS" signature="beforeMethod(java.lang.reflect.Method)[pri:0, instance:com.TestCases.Tc_01_ValidateSigin@685cb137]" name="beforeMethod" is-config="true" duration-ms="172" started-at="2019-06-18T07:41:23Z" finished-at="2019-06-18T07:41:23Z">
          <params>
            <param index="0">
              <value>
                <![CDATA[public void com.TestCases.Tc_01_ValidateSigin.Tc_01_ValidateSigin()]]>
              </value>
            </param>
          </params>
          <reporter-output>
          </reporter-output>
        </test-method> <!-- beforeMethod -->
        <test-method status="PASS" signature="Tc_01_ValidateSigin()[pri:0, instance:com.TestCases.Tc_01_ValidateSigin@685cb137]" name="Tc_01_ValidateSigin" duration-ms="36751" started-at="2019-06-18T07:41:23Z" finished-at="2019-06-18T07:42:00Z">
          <reporter-output>
          </reporter-output>
        </test-method> <!-- Tc_01_ValidateSigin -->
        <test-method status="PASS" signature="afterMethod()[pri:0, instance:com.TestCases.Tc_01_ValidateSigin@685cb137]" name="afterMethod" is-config="true" duration-ms="2000" started-at="2019-06-18T07:42:00Z" finished-at="2019-06-18T07:42:02Z">
          <reporter-output>
          </reporter-output>
        </test-method> <!-- afterMethod -->
        <test-method status="PASS" signature="afterTest()[pri:0, instance:com.TestCases.Tc_01_ValidateSigin@685cb137]" name="afterTest" is-config="true" duration-ms="654" started-at="2019-06-18T07:42:02Z" finished-at="2019-06-18T07:42:03Z">
          <reporter-output>
          </reporter-output>
        </test-method> <!-- afterTest -->
        <test-method status="PASS" signature="afterSuite()[pri:0, instance:com.TestCases.Tc_01_ValidateSigin@685cb137]" name="afterSuite" is-config="true" duration-ms="0" started-at="2019-06-18T07:42:03Z" finished-at="2019-06-18T07:42:03Z">
          <reporter-output>
          </reporter-output>
        </test-method> <!-- afterSuite -->
      </class> <!-- com.TestCases.Tc_01_ValidateSigin -->
    </test> <!-- Default test -->
  </suite> <!-- Default suite -->
</testng-results>
